# JRE version: OpenJDK Runtime Environment Zulu24.28+83-CA (24.0+36) (build 24+36)
# Java VM: OpenJDK 64-Bit Server VM Zulu24.28+83-CA (24+36, mixed mode, tiered, compressed oops, compressed class ptrs, g1 gc, linux-amd64)
GC Precious Log:
 CardTable entry size: 512
 Card Set container configuration: InlinePtr #cards 5 size 8 Array Of Cards #cards 10 size 36 Howl #buckets 4 coarsen threshold 1843 Howl Bitmap #cards 512 size 80 coarsen threshold 460 Card regions per heap region 1 cards per card region 2048
 CPUs: 4 total, 4 available
 Memory: 7935M
 Large Page Support: Disabled
 NUMA Support: Disabled
 Compressed Oops: Enabled (32-bit)
 Heap Region Size: 1M
 Heap Min Capacity: 8M
 Heap Initial Capacity: 124M
 Heap Max Capacity: 1984M
 Pre-touch: Disabled
 Parallel Workers: 4
 Concurrent Workers: 1
 Concurrent Refinement Workers: 4
 Periodic GC: Disabled
Heap:
 garbage-first heap   total reserved 2031616K, committed 182272K, used 154089K [0x0000000084000000, 0x0000000100000000)
  region size 1024K, 85 young (87040K), 5 survivors (5120K)
 Metaspace       used 68847K, committed 69760K, reserved 1114112K
  class space    used 6629K, committed 7040K, reserved 1048576K
GC Heap History (20 events):
Event: 130.269 GC heap before
{Heap before GC invocations=55 (full 0):
 garbage-first heap   total reserved 2031616K, committed 151552K, used 127476K [0x0000000084000000, 0x0000000100000000)
  region size 1024K, 74 young (75776K), 10 survivors (10240K)
 Metaspace       used 67993K, committed 68992K, reserved 1114112K
  class space    used 6556K, committed 6976K, reserved 1048576K
}
Event: 130.395 GC heap after
{Heap after GC invocations=56 (full 0):
 garbage-first heap   total reserved 2031616K, committed 151552K, used 63331K [0x0000000084000000, 0x0000000100000000)
  region size 1024K, 2 young (2048K), 2 survivors (2048K)
 Metaspace       used 67993K, committed 68992K, reserved 1114112K
  class space    used 6556K, committed 6976K, reserved 1048576K
}
Event: 135.152 GC heap before
{Heap before GC invocations=56 (full 0):
 garbage-first heap   total reserved 2031616K, committed 151552K, used 130915K [0x0000000084000000, 0x0000000100000000)
  region size 1024K, 68 young (69632K), 2 survivors (2048K)
 Metaspace       used 68078K, committed 69056K, reserved 1114112K
  class space    used 6563K, committed 6976K, reserved 1048576K
}
Event: 135.192 GC heap after
{Heap after GC invocations=57 (full 0):
 garbage-first heap   total reserved 2031616K, committed 151552K, used 65685K [0x0000000084000000, 0x0000000100000000)
  region size 1024K, 5 young (5120K), 5 survivors (5120K)
 Metaspace       used 68078K, committed 69056K, reserved 1114112K
  class space    used 6563K, committed 6976K, reserved 1048576K
}
Event: 157.663 GC heap before
{Heap before GC invocations=57 (full 0):
 garbage-first heap   total reserved 2031616K, committed 151552K, used 132245K [0x0000000084000000, 0x0000000100000000)
  region size 1024K, 71 young (72704K), 5 survivors (5120K)
 Metaspace       used 68315K, committed 69248K, reserved 1114112K
  class space    used 6583K, committed 6976K, reserved 1048576K
}
Event: 157.700 GC heap after
{Heap after GC invocations=58 (full 0):
 garbage-first heap   total reserved 2031616K, committed 151552K, used 64886K [0x0000000084000000, 0x0000000100000000)
  region size 1024K, 4 young (4096K), 4 survivors (4096K)
 Metaspace       used 68315K, committed 69248K, reserved 1114112K
  class space    used 6583K, committed 6976K, reserved 1048576K
}
Event: 160.725 GC heap before
{Heap before GC invocations=58 (full 0):
 garbage-first heap   total reserved 2031616K, committed 151552K, used 134518K [0x0000000084000000, 0x0000000100000000)
  region size 1024K, 73 young (74752K), 4 survivors (4096K)
 Metaspace       used 68315K, committed 69248K, reserved 1114112K
  class space    used 6583K, committed 6976K, reserved 1048576K
}
Event: 160.764 GC heap after
{Heap after GC invocations=59 (full 0):
 garbage-first heap   total reserved 2031616K, committed 151552K, used 64837K [0x0000000084000000, 0x0000000100000000)
  region size 1024K, 4 young (4096K), 4 survivors (4096K)
 Metaspace       used 68315K, committed 69248K, reserved 1114112K
  class space    used 6583K, committed 6976K, reserved 1048576K
}
Event: 164.351 GC heap before
{Heap before GC invocations=59 (full 0):
 garbage-first heap   total reserved 2031616K, committed 151552K, used 137541K [0x0000000084000000, 0x0000000100000000)
  region size 1024K, 75 young (76800K), 4 survivors (4096K)
 Metaspace       used 68344K, committed 69248K, reserved 1114112K
  class space    used 6583K, committed 6976K, reserved 1048576K
}
Event: 164.392 GC heap after
{Heap after GC invocations=60 (full 0):
 garbage-first heap   total reserved 2031616K, committed 182272K, used 64833K [0x0000000084000000, 0x0000000100000000)
  region size 1024K, 4 young (4096K), 4 survivors (4096K)
 Metaspace       used 68344K, committed 69248K, reserved 1114112K
  class space    used 6583K, committed 6976K, reserved 1048576K
}
Event: 168.567 GC heap before
{Heap before GC invocations=60 (full 0):
 garbage-first heap   total reserved 2031616K, committed 182272K, used 166209K [0x0000000084000000, 0x0000000100000000)
  region size 1024K, 103 young (105472K), 4 survivors (4096K)
 Metaspace       used 68345K, committed 69248K, reserved 1114112K
  class space    used 6583K, committed 6976K, reserved 1048576K
}
Event: 168.604 GC heap after
{Heap after GC invocations=61 (full 0):
 garbage-first heap   total reserved 2031616K, committed 182272K, used 64992K [0x0000000084000000, 0x0000000100000000)
  region size 1024K, 4 young (4096K), 4 survivors (4096K)
 Metaspace       used 68345K, committed 69248K, reserved 1114112K
  class space    used 6583K, committed 6976K, reserved 1048576K
}
Event: 172.471 GC heap before
{Heap before GC invocations=61 (full 0):
 garbage-first heap   total reserved 2031616K, committed 182272K, used 155104K [0x0000000084000000, 0x0000000100000000)
  region size 1024K, 92 young (94208K), 4 survivors (4096K)
 Metaspace       used 68345K, committed 69248K, reserved 1114112K
  class space    used 6583K, committed 6976K, reserved 1048576K
}
Event: 172.508 GC heap after
{Heap after GC invocations=62 (full 0):
 garbage-first heap   total reserved 2031616K, committed 182272K, used 64998K [0x0000000084000000, 0x0000000100000000)
  region size 1024K, 4 young (4096K), 4 survivors (4096K)
 Metaspace       used 68345K, committed 69248K, reserved 1114112K
  class space    used 6583K, committed 6976K, reserved 1048576K
}
Event: 175.950 GC heap before
{Heap before GC invocations=62 (full 0):
 garbage-first heap   total reserved 2031616K, committed 182272K, used 161254K [0x0000000084000000, 0x0000000100000000)
  region size 1024K, 98 young (100352K), 4 survivors (4096K)
 Metaspace       used 68348K, committed 69248K, reserved 1114112K
  class space    used 6584K, committed 6976K, reserved 1048576K
}
Event: 175.993 GC heap after
{Heap after GC invocations=63 (full 0):
 garbage-first heap   total reserved 2031616K, committed 182272K, used 64835K [0x0000000084000000, 0x0000000100000000)
  region size 1024K, 4 young (4096K), 4 survivors (4096K)
 Metaspace       used 68348K, committed 69248K, reserved 1114112K
  class space    used 6584K, committed 6976K, reserved 1048576K
}
Event: 179.013 GC heap before
{Heap before GC invocations=63 (full 0):
 garbage-first heap   total reserved 2031616K, committed 182272K, used 162115K [0x0000000084000000, 0x0000000100000000)
  region size 1024K, 100 young (102400K), 4 survivors (4096K)
 Metaspace       used 68438K, committed 69376K, reserved 1114112K
  class space    used 6587K, committed 6976K, reserved 1048576K
}
Event: 179.126 GC heap after
{Heap after GC invocations=64 (full 0):
 garbage-first heap   total reserved 2031616K, committed 182272K, used 75340K [0x0000000084000000, 0x0000000100000000)
  region size 1024K, 13 young (13312K), 13 survivors (13312K)
 Metaspace       used 68438K, committed 69376K, reserved 1114112K
  class space    used 6587K, committed 6976K, reserved 1048576K
}
Event: 183.204 GC heap before
{Heap before GC invocations=64 (full 0):
 garbage-first heap   total reserved 2031616K, committed 182272K, used 157260K [0x0000000084000000, 0x0000000100000000)
  region size 1024K, 94 young (96256K), 13 survivors (13312K)
 Metaspace       used 68629K, committed 69504K, reserved 1114112K
  class space    used 6604K, committed 6976K, reserved 1048576K
}
Event: 183.297 GC heap after
{Heap after GC invocations=65 (full 0):
 garbage-first heap   total reserved 2031616K, committed 182272K, used 74217K [0x0000000084000000, 0x0000000100000000)
  region size 1024K, 5 young (5120K), 5 survivors (5120K)
 Metaspace       used 68629K, committed 69504K, reserved 1114112K
  class space    used 6604K, committed 6976K, reserved 1048576K
}

